<?xml version="1.0" encoding="UTF-8"?>
<!-- Generated by org.testng.reporters.JUnitReportReporter -->
<testsuite hostname="DESKTOP-US1NOA4" failures="0" tests="1" name="com.mystore.testcases.LoginTest" time="1.875" errors="0" timestamp="2025-01-05T08:58:12 IST" skipped="0">
  <testcase classname="com.mystore.testcases.LoginTest" name="verify_login" time="1.875"/>
</testsuite> <!-- com.mystore.testcases.LoginTest -->
